1638840011130	geckodriver	INFO	Listening on 127.0.0.1:40633
1638840011132	mozrunner::runner	INFO	Running command: "/usr/bin/firefox" "--marionette" "--headless" "-no-remote" "-profile" "/tmp/rust_mozprofileO3tANf"
*** You are running in headless mode.
1638840011302	Marionette	INFO	Marionette enabled
[GFX1-]: RenderCompositorSWGL failed mapping default framebuffer, no dt
console.warn: SearchSettings: "get: No settings file exists, new profile?" (new NotFoundError("Could not open the file at /tmp/rust_mozprofileO3tANf/search.json.mozlz4", (void 0)))
1638840011878	Marionette	INFO	Listening on port 39691
1638840011949	RemoteAgent	WARN	TLS certificate errors will be ignored for this session
1638840026219	geckodriver	INFO	Listening on 127.0.0.1:46715
1638840026222	mozrunner::runner	INFO	Running command: "/usr/bin/firefox" "--marionette" "--headless" "-no-remote" "-profile" "/tmp/rust_mozprofiledCG1EN"
*** You are running in headless mode.
1638840026376	Marionette	INFO	Marionette enabled
[GFX1-]: RenderCompositorSWGL failed mapping default framebuffer, no dt
console.warn: SearchSettings: "get: No settings file exists, new profile?" (new NotFoundError("Could not open the file at /tmp/rust_mozprofiledCG1EN/search.json.mozlz4", (void 0)))
1638840026907	Marionette	INFO	Listening on port 44709
1638840026931	RemoteAgent	WARN	TLS certificate errors will be ignored for this session
1638840123379	geckodriver	INFO	Listening on 127.0.0.1:42945
1638840123381	mozrunner::runner	INFO	Running command: "/usr/bin/firefox" "--marionette" "--headless" "-no-remote" "-profile" "/tmp/rust_mozprofilefoIBxb"
*** You are running in headless mode.
1638840123540	Marionette	INFO	Marionette enabled
[GFX1-]: RenderCompositorSWGL failed mapping default framebuffer, no dt
console.warn: SearchSettings: "get: No settings file exists, new profile?" (new NotFoundError("Could not open the file at /tmp/rust_mozprofilefoIBxb/search.json.mozlz4", (void 0)))
1638840124060	Marionette	INFO	Listening on port 45493
1638840124090	RemoteAgent	WARN	TLS certificate errors will be ignored for this session
console.log: WebExtensions: reset-default-search: starting.
console.log: WebExtensions: reset-default-search: No addons in our list are installed.
console.log: WebExtensions: reset-default-search: starting.
console.log: WebExtensions: reset-default-search: No addons in our list are installed.
1638840453066	geckodriver	INFO	Listening on 127.0.0.1:50033
1638840453069	mozrunner::runner	INFO	Running command: "/usr/bin/firefox" "--marionette" "--headless" "-no-remote" "-profile" "/tmp/rust_mozprofileVwdjm8"
*** You are running in headless mode.
1638840453227	Marionette	INFO	Marionette enabled
[GFX1-]: RenderCompositorSWGL failed mapping default framebuffer, no dt
console.warn: SearchSettings: "get: No settings file exists, new profile?" (new NotFoundError("Could not open the file at /tmp/rust_mozprofileVwdjm8/search.json.mozlz4", (void 0)))
1638840453761	Marionette	INFO	Listening on port 38203
1638840453778	RemoteAgent	WARN	TLS certificate errors will be ignored for this session
1638840513805	geckodriver	INFO	Listening on 127.0.0.1:43385
1638840513807	mozrunner::runner	INFO	Running command: "/usr/bin/firefox" "--marionette" "--headless" "-no-remote" "-profile" "/tmp/rust_mozprofilezqXTQ4"
*** You are running in headless mode.
1638840513967	Marionette	INFO	Marionette enabled
console.log: WebExtensions: reset-default-search: starting.
console.log: WebExtensions: reset-default-search: No addons in our list are installed.
[GFX1-]: RenderCompositorSWGL failed mapping default framebuffer, no dt
console.warn: SearchSettings: "get: No settings file exists, new profile?" (new NotFoundError("Could not open the file at /tmp/rust_mozprofilezqXTQ4/search.json.mozlz4", (void 0)))
1638840514499	Marionette	INFO	Listening on port 33245
1638840514518	RemoteAgent	WARN	TLS certificate errors will be ignored for this session
1638840533939	geckodriver	INFO	Listening on 127.0.0.1:51131
1638840533942	mozrunner::runner	INFO	Running command: "/usr/bin/firefox" "--marionette" "--headless" "-no-remote" "-profile" "/tmp/rust_mozprofileStQZ7x"
*** You are running in headless mode.
1638840534095	Marionette	INFO	Marionette enabled
[GFX1-]: RenderCompositorSWGL failed mapping default framebuffer, no dt
console.warn: SearchSettings: "get: No settings file exists, new profile?" (new NotFoundError("Could not open the file at /tmp/rust_mozprofileStQZ7x/search.json.mozlz4", (void 0)))
1638840534625	Marionette	INFO	Listening on port 36631
1638840534650	RemoteAgent	WARN	TLS certificate errors will be ignored for this session
1638840562733	geckodriver	INFO	Listening on 127.0.0.1:60661
1638840562736	mozrunner::runner	INFO	Running command: "/usr/bin/firefox" "--marionette" "--headless" "-no-remote" "-profile" "/tmp/rust_mozprofileqwVkh3"
*** You are running in headless mode.
1638840562891	Marionette	INFO	Marionette enabled
[GFX1-]: RenderCompositorSWGL failed mapping default framebuffer, no dt
console.warn: SearchSettings: "get: No settings file exists, new profile?" (new NotFoundError("Could not open the file at /tmp/rust_mozprofileqwVkh3/search.json.mozlz4", (void 0)))
1638840563418	Marionette	INFO	Listening on port 39835
1638840563445	RemoteAgent	WARN	TLS certificate errors will be ignored for this session
1638840602293	geckodriver	INFO	Listening on 127.0.0.1:45887
1638840602296	mozrunner::runner	INFO	Running command: "/usr/bin/firefox" "--marionette" "--headless" "-no-remote" "-profile" "/tmp/rust_mozprofile6co4FZ"
*** You are running in headless mode.
1638840602457	Marionette	INFO	Marionette enabled
[GFX1-]: RenderCompositorSWGL failed mapping default framebuffer, no dt
console.warn: SearchSettings: "get: No settings file exists, new profile?" (new NotFoundError("Could not open the file at /tmp/rust_mozprofile6co4FZ/search.json.mozlz4", (void 0)))
1638840602978	Marionette	INFO	Listening on port 33353
1638840603007	RemoteAgent	WARN	TLS certificate errors will be ignored for this session
1638840648959	geckodriver	INFO	Listening on 127.0.0.1:41691
1638840648961	mozrunner::runner	INFO	Running command: "/usr/bin/firefox" "--marionette" "--headless" "-no-remote" "-profile" "/tmp/rust_mozprofilemheVxB"
*** You are running in headless mode.
1638840649120	Marionette	INFO	Marionette enabled
[GFX1-]: RenderCompositorSWGL failed mapping default framebuffer, no dt
console.warn: SearchSettings: "get: No settings file exists, new profile?" (new NotFoundError("Could not open the file at /tmp/rust_mozprofilemheVxB/search.json.mozlz4", (void 0)))
1638840649651	Marionette	INFO	Listening on port 38013
1638840649670	RemoteAgent	WARN	TLS certificate errors will be ignored for this session
1638840674721	geckodriver	INFO	Listening on 127.0.0.1:41795
1638840674723	mozrunner::runner	INFO	Running command: "/usr/bin/firefox" "--marionette" "--headless" "-no-remote" "-profile" "/tmp/rust_mozprofileIoHaJg"
*** You are running in headless mode.
1638840674877	Marionette	INFO	Marionette enabled
[GFX1-]: RenderCompositorSWGL failed mapping default framebuffer, no dt
console.warn: SearchSettings: "get: No settings file exists, new profile?" (new NotFoundError("Could not open the file at /tmp/rust_mozprofileIoHaJg/search.json.mozlz4", (void 0)))
1638840675405	Marionette	INFO	Listening on port 33225
1638840675432	RemoteAgent	WARN	TLS certificate errors will be ignored for this session
1638840735659	geckodriver	INFO	Listening on 127.0.0.1:57537
1638840735661	mozrunner::runner	INFO	Running command: "/usr/bin/firefox" "--marionette" "--headless" "-no-remote" "-profile" "/tmp/rust_mozprofilehkbJK2"
*** You are running in headless mode.
1638840735827	Marionette	INFO	Marionette enabled
[GFX1-]: RenderCompositorSWGL failed mapping default framebuffer, no dt
console.warn: SearchSettings: "get: No settings file exists, new profile?" (new NotFoundError("Could not open the file at /tmp/rust_mozprofilehkbJK2/search.json.mozlz4", (void 0)))
1638840736361	Marionette	INFO	Listening on port 42447
1638840736372	RemoteAgent	WARN	TLS certificate errors will be ignored for this session
1638840779469	geckodriver	INFO	Listening on 127.0.0.1:42717
1638840779472	mozrunner::runner	INFO	Running command: "/usr/bin/firefox" "--marionette" "--headless" "-no-remote" "-profile" "/tmp/rust_mozprofile76Mw8J"
*** You are running in headless mode.
1638840779629	Marionette	INFO	Marionette enabled
[GFX1-]: RenderCompositorSWGL failed mapping default framebuffer, no dt
console.warn: SearchSettings: "get: No settings file exists, new profile?" (new NotFoundError("Could not open the file at /tmp/rust_mozprofile76Mw8J/search.json.mozlz4", (void 0)))
1638840780157	Marionette	INFO	Listening on port 39307
1638840780180	RemoteAgent	WARN	TLS certificate errors will be ignored for this session
1638840800729	geckodriver	INFO	Listening on 127.0.0.1:39283
1638840800732	mozrunner::runner	INFO	Running command: "/usr/bin/firefox" "--marionette" "--headless" "-no-remote" "-profile" "/tmp/rust_mozprofileW5w5IM"
*** You are running in headless mode.
1638840800888	Marionette	INFO	Marionette enabled
[GFX1-]: RenderCompositorSWGL failed mapping default framebuffer, no dt
console.warn: SearchSettings: "get: No settings file exists, new profile?" (new NotFoundError("Could not open the file at /tmp/rust_mozprofileW5w5IM/search.json.mozlz4", (void 0)))
1638840801419	Marionette	INFO	Listening on port 38497
1638840801442	RemoteAgent	WARN	TLS certificate errors will be ignored for this session
1638840815278	geckodriver	INFO	Listening on 127.0.0.1:59071
1638840815280	mozrunner::runner	INFO	Running command: "/usr/bin/firefox" "--marionette" "--headless" "-no-remote" "-profile" "/tmp/rust_mozprofileepSO49"
*** You are running in headless mode.
1638840815441	Marionette	INFO	Marionette enabled
[GFX1-]: RenderCompositorSWGL failed mapping default framebuffer, no dt
console.warn: SearchSettings: "get: No settings file exists, new profile?" (new NotFoundError("Could not open the file at /tmp/rust_mozprofileepSO49/search.json.mozlz4", (void 0)))
1638840815970	Marionette	INFO	Listening on port 37805
1638840815991	RemoteAgent	WARN	TLS certificate errors will be ignored for this session
console.log: WebExtensions: reset-default-search: starting.
console.log: WebExtensions: reset-default-search: No addons in our list are installed.
1638840855309	geckodriver	INFO	Listening on 127.0.0.1:49827
1638840855311	mozrunner::runner	INFO	Running command: "/usr/bin/firefox" "--marionette" "--headless" "-no-remote" "-profile" "/tmp/rust_mozprofileE2fnPH"
*** You are running in headless mode.
1638840855471	Marionette	INFO	Marionette enabled
[GFX1-]: RenderCompositorSWGL failed mapping default framebuffer, no dt
console.warn: SearchSettings: "get: No settings file exists, new profile?" (new NotFoundError("Could not open the file at /tmp/rust_mozprofileE2fnPH/search.json.mozlz4", (void 0)))
1638840856004	Marionette	INFO	Listening on port 33187
1638840856022	RemoteAgent	WARN	TLS certificate errors will be ignored for this session
console.log: WebExtensions: reset-default-search: starting.
console.log: WebExtensions: reset-default-search: No addons in our list are installed.
1638840904987	geckodriver	INFO	Listening on 127.0.0.1:35367
1638840904990	mozrunner::runner	INFO	Running command: "/usr/bin/firefox" "--marionette" "--headless" "-no-remote" "-profile" "/tmp/rust_mozprofile4hMtwY"
*** You are running in headless mode.
1638840905154	Marionette	INFO	Marionette enabled
[GFX1-]: RenderCompositorSWGL failed mapping default framebuffer, no dt
console.warn: SearchSettings: "get: No settings file exists, new profile?" (new NotFoundError("Could not open the file at /tmp/rust_mozprofile4hMtwY/search.json.mozlz4", (void 0)))
1638840905689	Marionette	INFO	Listening on port 43091
1638840905705	RemoteAgent	WARN	TLS certificate errors will be ignored for this session
console.log: WebExtensions: reset-default-search: starting.
console.log: WebExtensions: reset-default-search: No addons in our list are installed.
console.log: WebExtensions: reset-default-search: starting.
console.log: WebExtensions: reset-default-search: No addons in our list are installed.
console.log: WebExtensions: reset-default-search: starting.
console.log: WebExtensions: reset-default-search: No addons in our list are installed.
1638840995783	geckodriver	INFO	Listening on 127.0.0.1:42961
1638840995785	mozrunner::runner	INFO	Running command: "/usr/bin/firefox" "--marionette" "--headless" "-no-remote" "-profile" "/tmp/rust_mozprofileHQw2BX"
*** You are running in headless mode.
1638840995944	Marionette	INFO	Marionette enabled
[GFX1-]: RenderCompositorSWGL failed mapping default framebuffer, no dt
console.warn: SearchSettings: "get: No settings file exists, new profile?" (new NotFoundError("Could not open the file at /tmp/rust_mozprofileHQw2BX/search.json.mozlz4", (void 0)))
1638840996482	Marionette	INFO	Listening on port 33923
1638840996496	RemoteAgent	WARN	TLS certificate errors will be ignored for this session
console.log: WebExtensions: reset-default-search: starting.
console.log: WebExtensions: reset-default-search: No addons in our list are installed.
1638841047170	geckodriver	INFO	Listening on 127.0.0.1:35901
1638841047172	mozrunner::runner	INFO	Running command: "/usr/bin/firefox" "--marionette" "--headless" "-no-remote" "-profile" "/tmp/rust_mozprofilexWuhs2"
*** You are running in headless mode.
1638841047383	Marionette	INFO	Marionette enabled
[GFX1-]: RenderCompositorSWGL failed mapping default framebuffer, no dt
console.warn: SearchSettings: "get: No settings file exists, new profile?" (new NotFoundError("Could not open the file at /tmp/rust_mozprofilexWuhs2/search.json.mozlz4", (void 0)))
1638841047919	Marionette	INFO	Listening on port 43541
1638841047981	RemoteAgent	WARN	TLS certificate errors will be ignored for this session
console.log: WebExtensions: reset-default-search: starting.
console.log: WebExtensions: reset-default-search: No addons in our list are installed.
1638841118482	geckodriver	INFO	Listening on 127.0.0.1:57609
1638841118484	mozrunner::runner	INFO	Running command: "/usr/bin/firefox" "--marionette" "--headless" "-no-remote" "-profile" "/tmp/rust_mozprofilex8Ob2Z"
*** You are running in headless mode.
1638841118652	Marionette	INFO	Marionette enabled
[GFX1-]: RenderCompositorSWGL failed mapping default framebuffer, no dt
console.warn: SearchSettings: "get: No settings file exists, new profile?" (new NotFoundError("Could not open the file at /tmp/rust_mozprofilex8Ob2Z/search.json.mozlz4", (void 0)))
1638841119169	Marionette	INFO	Listening on port 44957
1638841119194	RemoteAgent	WARN	TLS certificate errors will be ignored for this session
console.log: WebExtensions: reset-default-search: starting.
console.log: WebExtensions: reset-default-search: No addons in our list are installed.
1638841132630	geckodriver	INFO	Listening on 127.0.0.1:40329
1638841132633	mozrunner::runner	INFO	Running command: "/usr/bin/firefox" "--marionette" "--headless" "-no-remote" "-profile" "/tmp/rust_mozprofilePUxXwV"
*** You are running in headless mode.
1638841132797	Marionette	INFO	Marionette enabled
[GFX1-]: RenderCompositorSWGL failed mapping default framebuffer, no dt
console.warn: SearchSettings: "get: No settings file exists, new profile?" (new NotFoundError("Could not open the file at /tmp/rust_mozprofilePUxXwV/search.json.mozlz4", (void 0)))
1638841133327	Marionette	INFO	Listening on port 39577
1638841133345	RemoteAgent	WARN	TLS certificate errors will be ignored for this session
1638841160383	geckodriver	INFO	Listening on 127.0.0.1:51531
1638841160385	mozrunner::runner	INFO	Running command: "/usr/bin/firefox" "--marionette" "--headless" "-no-remote" "-profile" "/tmp/rust_mozprofilekqRnwX"
*** You are running in headless mode.
1638841160543	Marionette	INFO	Marionette enabled
[GFX1-]: RenderCompositorSWGL failed mapping default framebuffer, no dt
console.warn: SearchSettings: "get: No settings file exists, new profile?" (new NotFoundError("Could not open the file at /tmp/rust_mozprofilekqRnwX/search.json.mozlz4", (void 0)))
1638841161079	Marionette	INFO	Listening on port 37201
1638841161095	RemoteAgent	WARN	TLS certificate errors will be ignored for this session
console.log: WebExtensions: reset-default-search: starting.
console.log: WebExtensions: reset-default-search: No addons in our list are installed.
1638841173155	geckodriver	INFO	Listening on 127.0.0.1:34163
1638841173157	mozrunner::runner	INFO	Running command: "/usr/bin/firefox" "--marionette" "--headless" "-no-remote" "-profile" "/tmp/rust_mozprofileO0LWZw"
*** You are running in headless mode.
1638841173318	Marionette	INFO	Marionette enabled
[GFX1-]: RenderCompositorSWGL failed mapping default framebuffer, no dt
console.warn: SearchSettings: "get: No settings file exists, new profile?" (new NotFoundError("Could not open the file at /tmp/rust_mozprofileO0LWZw/search.json.mozlz4", (void 0)))
1638841173850	Marionette	INFO	Listening on port 42719
1638841173867	RemoteAgent	WARN	TLS certificate errors will be ignored for this session
console.log: WebExtensions: reset-default-search: starting.
console.log: WebExtensions: reset-default-search: No addons in our list are installed.
console.log: WebExtensions: reset-default-search: starting.
console.log: WebExtensions: reset-default-search: No addons in our list are installed.
1638841217258	geckodriver	INFO	Listening on 127.0.0.1:42551
1638841217260	mozrunner::runner	INFO	Running command: "/usr/bin/firefox" "--marionette" "--headless" "-no-remote" "-profile" "/tmp/rust_mozprofileVnfmEL"
*** You are running in headless mode.
1638841217432	Marionette	INFO	Marionette enabled
[GFX1-]: RenderCompositorSWGL failed mapping default framebuffer, no dt
console.warn: SearchSettings: "get: No settings file exists, new profile?" (new NotFoundError("Could not open the file at /tmp/rust_mozprofileVnfmEL/search.json.mozlz4", (void 0)))
1638841217964	Marionette	INFO	Listening on port 40487
1638841218077	RemoteAgent	WARN	TLS certificate errors will be ignored for this session
console.log: WebExtensions: reset-default-search: starting.
console.log: WebExtensions: reset-default-search: No addons in our list are installed.
1638841272408	geckodriver	INFO	Listening on 127.0.0.1:36409
1638841272411	mozrunner::runner	INFO	Running command: "/usr/bin/firefox" "--marionette" "--headless" "-no-remote" "-profile" "/tmp/rust_mozprofileYTJJWP"
*** You are running in headless mode.
1638841272579	Marionette	INFO	Marionette enabled
[GFX1-]: RenderCompositorSWGL failed mapping default framebuffer, no dt
console.warn: SearchSettings: "get: No settings file exists, new profile?" (new NotFoundError("Could not open the file at /tmp/rust_mozprofileYTJJWP/search.json.mozlz4", (void 0)))
1638841273112	Marionette	INFO	Listening on port 41739
1638841273225	RemoteAgent	WARN	TLS certificate errors will be ignored for this session
1638841291998	geckodriver	INFO	Listening on 127.0.0.1:38031
1638841292000	mozrunner::runner	INFO	Running command: "/usr/bin/firefox" "--marionette" "--headless" "-no-remote" "-profile" "/tmp/rust_mozprofileRtmVzb"
*** You are running in headless mode.
1638841292178	Marionette	INFO	Marionette enabled
[GFX1-]: RenderCompositorSWGL failed mapping default framebuffer, no dt
console.warn: SearchSettings: "get: No settings file exists, new profile?" (new NotFoundError("Could not open the file at /tmp/rust_mozprofileRtmVzb/search.json.mozlz4", (void 0)))
1638841292708	Marionette	INFO	Listening on port 46437
1638841292817	RemoteAgent	WARN	TLS certificate errors will be ignored for this session
console.log: WebExtensions: reset-default-search: starting.
console.log: WebExtensions: reset-default-search: No addons in our list are installed.
1638841355174	geckodriver	INFO	Listening on 127.0.0.1:50509
1638841355176	mozrunner::runner	INFO	Running command: "/usr/bin/firefox" "--marionette" "--headless" "-no-remote" "-profile" "/tmp/rust_mozprofilegYcjtN"
*** You are running in headless mode.
1638841355360	Marionette	INFO	Marionette enabled
[GFX1-]: RenderCompositorSWGL failed mapping default framebuffer, no dt
console.warn: SearchSettings: "get: No settings file exists, new profile?" (new NotFoundError("Could not open the file at /tmp/rust_mozprofilegYcjtN/search.json.mozlz4", (void 0)))
1638841355895	Marionette	INFO	Listening on port 46255
1638841355987	RemoteAgent	WARN	TLS certificate errors will be ignored for this session
1638841365727	geckodriver	INFO	Listening on 127.0.0.1:54005
1638841365729	mozrunner::runner	INFO	Running command: "/usr/bin/firefox" "--marionette" "--headless" "-no-remote" "-profile" "/tmp/rust_mozprofileLRVp9g"
*** You are running in headless mode.
1638841365889	Marionette	INFO	Marionette enabled
[GFX1-]: RenderCompositorSWGL failed mapping default framebuffer, no dt
console.warn: SearchSettings: "get: No settings file exists, new profile?" (new NotFoundError("Could not open the file at /tmp/rust_mozprofileLRVp9g/search.json.mozlz4", (void 0)))
1638841366424	Marionette	INFO	Listening on port 39155
1638841366439	RemoteAgent	WARN	TLS certificate errors will be ignored for this session
console.log: WebExtensions: reset-default-search: starting.
console.log: WebExtensions: reset-default-search: No addons in our list are installed.
1638841416463	geckodriver	INFO	Listening on 127.0.0.1:41959
1638841416465	mozrunner::runner	INFO	Running command: "/usr/bin/firefox" "--marionette" "--headless" "-no-remote" "-profile" "/tmp/rust_mozprofileawqtyv"
*** You are running in headless mode.
1638841416646	Marionette	INFO	Marionette enabled
[GFX1-]: RenderCompositorSWGL failed mapping default framebuffer, no dt
console.warn: SearchSettings: "get: No settings file exists, new profile?" (new NotFoundError("Could not open the file at /tmp/rust_mozprofileawqtyv/search.json.mozlz4", (void 0)))
1638841417180	Marionette	INFO	Listening on port 35151
1638841417282	RemoteAgent	WARN	TLS certificate errors will be ignored for this session
console.log: WebExtensions: reset-default-search: starting.
console.log: WebExtensions: reset-default-search: No addons in our list are installed.
1638841484450	geckodriver	INFO	Listening on 127.0.0.1:59725
1638841485455	mozrunner::runner	INFO	Running command: "/usr/bin/firefox" "--marionette" "--headless" "-no-remote" "-profile" "/tmp/rust_mozprofilerdGj2K"
*** You are running in headless mode.
1638841485711	Marionette	INFO	Marionette enabled
[GFX1-]: RenderCompositorSWGL failed mapping default framebuffer, no dt
console.warn: SearchSettings: "get: No settings file exists, new profile?" (new NotFoundError("Could not open the file at /tmp/rust_mozprofilerdGj2K/search.json.mozlz4", (void 0)))
1638841486360	Marionette	INFO	Listening on port 41737
1638841486468	RemoteAgent	WARN	TLS certificate errors will be ignored for this session
console.log: WebExtensions: reset-default-search: starting.
console.log: WebExtensions: reset-default-search: No addons in our list are installed.
console.log: WebExtensions: reset-default-search: starting.
console.log: WebExtensions: reset-default-search: No addons in our list are installed.
1638841524444	geckodriver	INFO	Listening on 127.0.0.1:47665
1638841525468	mozrunner::runner	INFO	Running command: "/usr/bin/firefox" "--marionette" "--headless" "-no-remote" "-profile" "/tmp/rust_mozprofileTKzv4x"
*** You are running in headless mode.
1638841525884	Marionette	INFO	Marionette enabled
[GFX1-]: RenderCompositorSWGL failed mapping default framebuffer, no dt
console.warn: SearchSettings: "get: No settings file exists, new profile?" (new NotFoundError("Could not open the file at /tmp/rust_mozprofileTKzv4x/search.json.mozlz4", (void 0)))
1638841526808	Marionette	INFO	Listening on port 44727
1638841526887	RemoteAgent	WARN	TLS certificate errors will be ignored for this session
1638841541632	geckodriver	INFO	Listening on 127.0.0.1:43199
1638841541645	mozrunner::runner	INFO	Running command: "/usr/bin/firefox" "--marionette" "--headless" "-no-remote" "-profile" "/tmp/rust_mozprofilewIPWEM"
*** You are running in headless mode.
1638841543053	Marionette	INFO	Marionette enabled
1638842328478	geckodriver	INFO	Listening on 127.0.0.1:44773
1638842329501	mozrunner::runner	INFO	Running command: "/usr/bin/firefox" "--marionette" "--headless" "-no-remote" "-profile" "/tmp/rust_mozprofilerpeHXv"
*** You are running in headless mode.
1638842329668	Marionette	INFO	Marionette enabled
[GFX1-]: RenderCompositorSWGL failed mapping default framebuffer, no dt
console.warn: SearchSettings: "get: No settings file exists, new profile?" (new NotFoundError("Could not open the file at /tmp/rust_mozprofilerpeHXv/search.json.mozlz4", (void 0)))
1638842330207	Marionette	INFO	Listening on port 33235
1638842330323	RemoteAgent	WARN	TLS certificate errors will be ignored for this session
1638842347469	geckodriver	INFO	Listening on 127.0.0.1:43487
1638842347471	mozrunner::runner	INFO	Running command: "/usr/bin/firefox" "--marionette" "--headless" "-no-remote" "-profile" "/tmp/rust_mozprofileLc74cV"
*** You are running in headless mode.
1638842347624	Marionette	INFO	Marionette enabled
[GFX1-]: RenderCompositorSWGL failed mapping default framebuffer, no dt
console.warn: SearchSettings: "get: No settings file exists, new profile?" (new NotFoundError("Could not open the file at /tmp/rust_mozprofileLc74cV/search.json.mozlz4", (void 0)))
1638842348151	Marionette	INFO	Listening on port 45421
1638842348180	RemoteAgent	WARN	TLS certificate errors will be ignored for this session
1638842361939	geckodriver	INFO	Listening on 127.0.0.1:49567
1638842361941	mozrunner::runner	INFO	Running command: "/usr/bin/firefox" "--marionette" "--headless" "-no-remote" "-profile" "/tmp/rust_mozprofile1i7FMw"
*** You are running in headless mode.
1638842362099	Marionette	INFO	Marionette enabled
[GFX1-]: RenderCompositorSWGL failed mapping default framebuffer, no dt
console.warn: SearchSettings: "get: No settings file exists, new profile?" (new NotFoundError("Could not open the file at /tmp/rust_mozprofile1i7FMw/search.json.mozlz4", (void 0)))
1638842362624	Marionette	INFO	Listening on port 44671
1638842362649	RemoteAgent	WARN	TLS certificate errors will be ignored for this session
1638842390806	geckodriver	INFO	Listening on 127.0.0.1:40397
1638842390809	mozrunner::runner	INFO	Running command: "/usr/bin/firefox" "--marionette" "--headless" "-no-remote" "-profile" "/tmp/rust_mozprofileU6Mjwj"
*** You are running in headless mode.
1638842390964	Marionette	INFO	Marionette enabled
[GFX1-]: RenderCompositorSWGL failed mapping default framebuffer, no dt
console.warn: SearchSettings: "get: No settings file exists, new profile?" (new NotFoundError("Could not open the file at /tmp/rust_mozprofileU6Mjwj/search.json.mozlz4", (void 0)))
1638842391488	Marionette	INFO	Listening on port 46343
1638842391517	RemoteAgent	WARN	TLS certificate errors will be ignored for this session
1638842498521	geckodriver	INFO	Listening on 127.0.0.1:47793
1638842498523	mozrunner::runner	INFO	Running command: "/usr/bin/firefox" "--marionette" "--headless" "-no-remote" "-profile" "/tmp/rust_mozprofile21CEtF"
*** You are running in headless mode.
1638842498675	Marionette	INFO	Marionette enabled
[GFX1-]: RenderCompositorSWGL failed mapping default framebuffer, no dt
console.warn: SearchSettings: "get: No settings file exists, new profile?" (new NotFoundError("Could not open the file at /tmp/rust_mozprofile21CEtF/search.json.mozlz4", (void 0)))
1638842499202	Marionette	INFO	Listening on port 36627
1638842499233	RemoteAgent	WARN	TLS certificate errors will be ignored for this session
console.log: WebExtensions: reset-default-search: starting.
console.log: WebExtensions: reset-default-search: No addons in our list are installed.
console.log: WebExtensions: reset-default-search: starting.
console.log: WebExtensions: reset-default-search: No addons in our list are installed.
console.log: WebExtensions: reset-default-search: starting.
console.log: WebExtensions: reset-default-search: No addons in our list are installed.
console.log: WebExtensions: reset-default-search: starting.
console.log: WebExtensions: reset-default-search: No addons in our list are installed.
console.log: WebExtensions: reset-default-search: starting.
console.log: WebExtensions: reset-default-search: No addons in our list are installed.
1638842955429	geckodriver	INFO	Listening on 127.0.0.1:37545
1638842955431	mozrunner::runner	INFO	Running command: "/usr/bin/firefox" "--marionette" "--headless" "-no-remote" "-profile" "/tmp/rust_mozprofileLVwXbx"
*** You are running in headless mode.
1638842955587	Marionette	INFO	Marionette enabled
[GFX1-]: RenderCompositorSWGL failed mapping default framebuffer, no dt
console.warn: SearchSettings: "get: No settings file exists, new profile?" (new NotFoundError("Could not open the file at /tmp/rust_mozprofileLVwXbx/search.json.mozlz4", (void 0)))
1638842956122	Marionette	INFO	Listening on port 34561
1638842956140	RemoteAgent	WARN	TLS certificate errors will be ignored for this session
1638842962831	geckodriver	INFO	Listening on 127.0.0.1:40259
1638842962836	mozrunner::runner	INFO	Running command: "/usr/bin/firefox" "--marionette" "--headless" "-no-remote" "-profile" "/tmp/rust_mozprofilexTbAJs"
*** You are running in headless mode.
1638842962991	Marionette	INFO	Marionette enabled
[GFX1-]: RenderCompositorSWGL failed mapping default framebuffer, no dt
console.warn: SearchSettings: "get: No settings file exists, new profile?" (new NotFoundError("Could not open the file at /tmp/rust_mozprofilexTbAJs/search.json.mozlz4", (void 0)))
1638842963522	Marionette	INFO	Listening on port 38221
1638842963544	RemoteAgent	WARN	TLS certificate errors will be ignored for this session
1638842988229	geckodriver	INFO	Listening on 127.0.0.1:59503
1638842988236	mozrunner::runner	INFO	Running command: "/usr/bin/firefox" "--marionette" "--headless" "-no-remote" "-profile" "/tmp/rust_mozprofileHjunIG"
*** You are running in headless mode.
1638842988394	Marionette	INFO	Marionette enabled
[GFX1-]: RenderCompositorSWGL failed mapping default framebuffer, no dt
console.warn: SearchSettings: "get: No settings file exists, new profile?" (new NotFoundError("Could not open the file at /tmp/rust_mozprofileHjunIG/search.json.mozlz4", (void 0)))
1638842988931	Marionette	INFO	Listening on port 45331
1638842988948	RemoteAgent	WARN	TLS certificate errors will be ignored for this session
1638843094083	geckodriver	INFO	Listening on 127.0.0.1:41331
1638843094085	mozrunner::runner	INFO	Running command: "/usr/bin/firefox" "--marionette" "-no-remote" "-profile" "/tmp/rust_mozprofileXi4Te3"

(firefox:7193): Gtk-WARNING **: 13:11:34.116: Theme parsing error: gtk.css:73:46: The style property GtkScrolledWindow:scrollbars-within-bevel is deprecated and shouldn't be used anymore. It will be removed in a future version

(firefox:7193): Gtk-WARNING **: 13:11:34.270: Theme parsing error: gtk.css:68:35: The style property GtkButton:child-displacement-x is deprecated and shouldn't be used anymore. It will be removed in a future version

(firefox:7193): Gtk-WARNING **: 13:11:34.270: Theme parsing error: gtk.css:69:35: The style property GtkButton:child-displacement-y is deprecated and shouldn't be used anymore. It will be removed in a future version

(firefox:7193): Gtk-WARNING **: 13:11:34.270: Theme parsing error: gtk.css:71:36: The style property GtkCheckMenuItem:indicator-size is deprecated and shouldn't be used anymore. It will be removed in a future version

(firefox:7193): Gtk-WARNING **: 13:11:34.270: Theme parsing error: gtk.css:73:46: The style property GtkScrolledWindow:scrollbars-within-bevel is deprecated and shouldn't be used anymore. It will be removed in a future version

(firefox:7193): Gtk-WARNING **: 13:11:34.270: Theme parsing error: gtk.css:76:30: The style property GtkExpander:expander-size is deprecated and shouldn't be used anymore. It will be removed in a future version

(firefox:7193): Gtk-WARNING **: 13:11:34.309: Theme parsing error: gtk.css:68:35: The style property GtkButton:child-displacement-x is deprecated and shouldn't be used anymore. It will be removed in a future version

(firefox:7193): Gtk-WARNING **: 13:11:34.309: Theme parsing error: gtk.css:69:35: The style property GtkButton:child-displacement-y is deprecated and shouldn't be used anymore. It will be removed in a future version

(firefox:7193): Gtk-WARNING **: 13:11:34.309: Theme parsing error: gtk.css:71:36: The style property GtkCheckMenuItem:indicator-size is deprecated and shouldn't be used anymore. It will be removed in a future version

(firefox:7193): Gtk-WARNING **: 13:11:34.309: Theme parsing error: gtk.css:73:46: The style property GtkScrolledWindow:scrollbars-within-bevel is deprecated and shouldn't be used anymore. It will be removed in a future version

(firefox:7193): Gtk-WARNING **: 13:11:34.309: Theme parsing error: gtk.css:76:30: The style property GtkExpander:expander-size is deprecated and shouldn't be used anymore. It will be removed in a future version

(firefox:7193): Gtk-WARNING **: 13:11:34.323: Theme parsing error: gtk.css:68:35: The style property GtkButton:child-displacement-x is deprecated and shouldn't be used anymore. It will be removed in a future version

(firefox:7193): Gtk-WARNING **: 13:11:34.324: Theme parsing error: gtk.css:69:35: The style property GtkButton:child-displacement-y is deprecated and shouldn't be used anymore. It will be removed in a future version

(firefox:7193): Gtk-WARNING **: 13:11:34.324: Theme parsing error: gtk.css:71:36: The style property GtkCheckMenuItem:indicator-size is deprecated and shouldn't be used anymore. It will be removed in a future version

(firefox:7193): Gtk-WARNING **: 13:11:34.324: Theme parsing error: gtk.css:73:46: The style property GtkScrolledWindow:scrollbars-within-bevel is deprecated and shouldn't be used anymore. It will be removed in a future version

(firefox:7193): Gtk-WARNING **: 13:11:34.324: Theme parsing error: gtk.css:76:30: The style property GtkExpander:expander-size is deprecated and shouldn't be used anymore. It will be removed in a future version
1638843094411	Marionette	INFO	Marionette enabled
console.warn: SearchSettings: "get: No settings file exists, new profile?" (new NotFoundError("Could not open the file at /tmp/rust_mozprofileXi4Te3/search.json.mozlz4", (void 0)))
1638843095432	Marionette	INFO	Listening on port 41195
1638843095496	RemoteAgent	WARN	TLS certificate errors will be ignored for this session
1638843103400	Marionette	INFO	Stopped listening on port 41195
console.warn: TopSitesFeed: Failed to fetch data from Contile server: NetworkError when attempting to fetch resource.

###!!! [Parent][RunMessage] Error: Channel closing: too late to send/recv, messages will be lost

1638843328050	geckodriver	INFO	Listening on 127.0.0.1:48097
1638843328052	mozrunner::runner	INFO	Running command: "/usr/bin/firefox" "--marionette" "--headless" "-no-remote" "-profile" "/tmp/rust_mozprofileQOyasv"
*** You are running in headless mode.
1638843328209	Marionette	INFO	Marionette enabled
[GFX1-]: RenderCompositorSWGL failed mapping default framebuffer, no dt
console.warn: SearchSettings: "get: No settings file exists, new profile?" (new NotFoundError("Could not open the file at /tmp/rust_mozprofileQOyasv/search.json.mozlz4", (void 0)))
1638843328738	Marionette	INFO	Listening on port 39337
1638843328761	RemoteAgent	WARN	TLS certificate errors will be ignored for this session
1638843340446	geckodriver	INFO	Listening on 127.0.0.1:57879
1638843340449	mozrunner::runner	INFO	Running command: "/usr/bin/firefox" "--marionette" "--headless" "-no-remote" "-profile" "/tmp/rust_mozprofileuuSFUj"
*** You are running in headless mode.
1638843340605	Marionette	INFO	Marionette enabled
[GFX1-]: RenderCompositorSWGL failed mapping default framebuffer, no dt
console.warn: SearchSettings: "get: No settings file exists, new profile?" (new NotFoundError("Could not open the file at /tmp/rust_mozprofileuuSFUj/search.json.mozlz4", (void 0)))
1638843341132	Marionette	INFO	Listening on port 44193
1638843341158	RemoteAgent	WARN	TLS certificate errors will be ignored for this session
console.log: WebExtensions: reset-default-search: starting.
console.log: WebExtensions: reset-default-search: No addons in our list are installed.
1638843355972	geckodriver	INFO	Listening on 127.0.0.1:40399
1638843355975	mozrunner::runner	INFO	Running command: "/usr/bin/firefox" "--marionette" "--headless" "-no-remote" "-profile" "/tmp/rust_mozprofileQhR7yP"
*** You are running in headless mode.
1638843356140	Marionette	INFO	Marionette enabled
[GFX1-]: RenderCompositorSWGL failed mapping default framebuffer, no dt
console.warn: SearchSettings: "get: No settings file exists, new profile?" (new NotFoundError("Could not open the file at /tmp/rust_mozprofileQhR7yP/search.json.mozlz4", (void 0)))
1638843356675	Marionette	INFO	Listening on port 39021
1638843356688	RemoteAgent	WARN	TLS certificate errors will be ignored for this session
1638843378713	geckodriver	INFO	Listening on 127.0.0.1:47305
1638843378715	mozrunner::runner	INFO	Running command: "/usr/bin/firefox" "--marionette" "--headless" "-no-remote" "-profile" "/tmp/rust_mozprofileKXL6T0"
*** You are running in headless mode.
1638843378877	Marionette	INFO	Marionette enabled
[GFX1-]: RenderCompositorSWGL failed mapping default framebuffer, no dt
console.warn: SearchSettings: "get: No settings file exists, new profile?" (new NotFoundError("Could not open the file at /tmp/rust_mozprofileKXL6T0/search.json.mozlz4", (void 0)))
1638843379420	Marionette	INFO	Listening on port 45933
1638843379532	RemoteAgent	WARN	TLS certificate errors will be ignored for this session
1638843383790	geckodriver	INFO	Listening on 127.0.0.1:42079
1638843383792	mozrunner::runner	INFO	Running command: "/usr/bin/firefox" "--marionette" "--headless" "-no-remote" "-profile" "/tmp/rust_mozprofileD5N96G"
*** You are running in headless mode.
1638843383944	Marionette	INFO	Marionette enabled
[GFX1-]: RenderCompositorSWGL failed mapping default framebuffer, no dt
console.warn: SearchSettings: "get: No settings file exists, new profile?" (new NotFoundError("Could not open the file at /tmp/rust_mozprofileD5N96G/search.json.mozlz4", (void 0)))
1638843384471	Marionette	INFO	Listening on port 45473
1638843384502	RemoteAgent	WARN	TLS certificate errors will be ignored for this session
1638843482999	geckodriver	INFO	Listening on 127.0.0.1:49811
1638843483001	mozrunner::runner	INFO	Running command: "/usr/bin/firefox" "--marionette" "--headless" "-no-remote" "-profile" "/tmp/rust_mozprofile4vX2ta"
*** You are running in headless mode.
1638843483158	Marionette	INFO	Marionette enabled
[GFX1-]: RenderCompositorSWGL failed mapping default framebuffer, no dt
console.warn: SearchSettings: "get: No settings file exists, new profile?" (new NotFoundError("Could not open the file at /tmp/rust_mozprofile4vX2ta/search.json.mozlz4", (void 0)))
1638843483687	Marionette	INFO	Listening on port 38481
1638843483712	RemoteAgent	WARN	TLS certificate errors will be ignored for this session
1638843491984	geckodriver	INFO	Listening on 127.0.0.1:43555
1638843491987	mozrunner::runner	INFO	Running command: "/usr/bin/firefox" "--marionette" "--headless" "-no-remote" "-profile" "/tmp/rust_mozprofileu78V7e"
*** You are running in headless mode.
1638843492141	Marionette	INFO	Marionette enabled
[GFX1-]: RenderCompositorSWGL failed mapping default framebuffer, no dt
console.warn: SearchSettings: "get: No settings file exists, new profile?" (new NotFoundError("Could not open the file at /tmp/rust_mozprofileu78V7e/search.json.mozlz4", (void 0)))
1638843492676	Marionette	INFO	Listening on port 34115
1638843492697	RemoteAgent	WARN	TLS certificate errors will be ignored for this session
1638843565439	geckodriver	INFO	Listening on 127.0.0.1:59219
1638843565442	mozrunner::runner	INFO	Running command: "/usr/bin/firefox" "--marionette" "--headless" "-no-remote" "-profile" "/tmp/rust_mozprofilesRoXH0"
*** You are running in headless mode.
1638843565596	Marionette	INFO	Marionette enabled
[GFX1-]: RenderCompositorSWGL failed mapping default framebuffer, no dt
console.warn: SearchSettings: "get: No settings file exists, new profile?" (new NotFoundError("Could not open the file at /tmp/rust_mozprofilesRoXH0/search.json.mozlz4", (void 0)))
1638843566127	Marionette	INFO	Listening on port 42043
1638843566150	RemoteAgent	WARN	TLS certificate errors will be ignored for this session
1638843577301	geckodriver	INFO	Listening on 127.0.0.1:51527
1638843577304	mozrunner::runner	INFO	Running command: "/usr/bin/firefox" "--marionette" "--headless" "-no-remote" "-profile" "/tmp/rust_mozprofileFeaplE"
*** You are running in headless mode.
1638843577463	Marionette	INFO	Marionette enabled
[GFX1-]: RenderCompositorSWGL failed mapping default framebuffer, no dt
console.warn: SearchSettings: "get: No settings file exists, new profile?" (new NotFoundError("Could not open the file at /tmp/rust_mozprofileFeaplE/search.json.mozlz4", (void 0)))
1638843577992	Marionette	INFO	Listening on port 35137
1638843578015	RemoteAgent	WARN	TLS certificate errors will be ignored for this session
1638843590476	geckodriver	INFO	Listening on 127.0.0.1:54599
1638843590480	mozrunner::runner	INFO	Running command: "/usr/bin/firefox" "--marionette" "--headless" "-no-remote" "-profile" "/tmp/rust_mozprofileWRvjSQ"
*** You are running in headless mode.
1638843590643	Marionette	INFO	Marionette enabled
[GFX1-]: RenderCompositorSWGL failed mapping default framebuffer, no dt
console.warn: SearchSettings: "get: No settings file exists, new profile?" (new NotFoundError("Could not open the file at /tmp/rust_mozprofileWRvjSQ/search.json.mozlz4", (void 0)))
1638843591176	Marionette	INFO	Listening on port 33201
1638843591191	RemoteAgent	WARN	TLS certificate errors will be ignored for this session
1638843645658	geckodriver	INFO	Listening on 127.0.0.1:43183
1638843645660	mozrunner::runner	INFO	Running command: "/usr/bin/firefox" "--marionette" "--headless" "-no-remote" "-profile" "/tmp/rust_mozprofileeIgExJ"
*** You are running in headless mode.
1638843645816	Marionette	INFO	Marionette enabled
[GFX1-]: RenderCompositorSWGL failed mapping default framebuffer, no dt
console.warn: SearchSettings: "get: No settings file exists, new profile?" (new NotFoundError("Could not open the file at /tmp/rust_mozprofileeIgExJ/search.json.mozlz4", (void 0)))
1638843646347	Marionette	INFO	Listening on port 44181
1638843646369	RemoteAgent	WARN	TLS certificate errors will be ignored for this session
1638843714714	geckodriver	INFO	Listening on 127.0.0.1:37581
1638843714716	mozrunner::runner	INFO	Running command: "/usr/bin/firefox" "--marionette" "--headless" "-no-remote" "-profile" "/tmp/rust_mozprofile0ERA2Y"
*** You are running in headless mode.
1638843714884	Marionette	INFO	Marionette enabled
[GFX1-]: RenderCompositorSWGL failed mapping default framebuffer, no dt
console.warn: SearchSettings: "get: No settings file exists, new profile?" (new NotFoundError("Could not open the file at /tmp/rust_mozprofile0ERA2Y/search.json.mozlz4", (void 0)))
1638843715411	Marionette	INFO	Listening on port 39529
1638843715429	RemoteAgent	WARN	TLS certificate errors will be ignored for this session
console.log: WebExtensions: reset-default-search: starting.
console.log: WebExtensions: reset-default-search: No addons in our list are installed.
console.log: WebExtensions: reset-default-search: starting.
console.log: WebExtensions: reset-default-search: No addons in our list are installed.
1638843735564	geckodriver	INFO	Listening on 127.0.0.1:34045
1638843735566	mozrunner::runner	INFO	Running command: "/usr/bin/firefox" "--marionette" "--headless" "-no-remote" "-profile" "/tmp/rust_mozprofile5NclXC"
*** You are running in headless mode.
1638843735723	Marionette	INFO	Marionette enabled
[GFX1-]: RenderCompositorSWGL failed mapping default framebuffer, no dt
console.warn: SearchSettings: "get: No settings file exists, new profile?" (new NotFoundError("Could not open the file at /tmp/rust_mozprofile5NclXC/search.json.mozlz4", (void 0)))
1638843736251	Marionette	INFO	Listening on port 43909
1638843736275	RemoteAgent	WARN	TLS certificate errors will be ignored for this session
console.log: WebExtensions: reset-default-search: starting.
console.log: WebExtensions: reset-default-search: No addons in our list are installed.
console.log: WebExtensions: reset-default-search: starting.
console.log: WebExtensions: reset-default-search: No addons in our list are installed.
console.log: WebExtensions: reset-default-search: starting.
console.log: WebExtensions: reset-default-search: No addons in our list are installed.
1638843805536	geckodriver	INFO	Listening on 127.0.0.1:38571
1638843805539	mozrunner::runner	INFO	Running command: "/usr/bin/firefox" "--marionette" "--headless" "-no-remote" "-profile" "/tmp/rust_mozprofileroWu76"
*** You are running in headless mode.
1638843805702	Marionette	INFO	Marionette enabled
[GFX1-]: RenderCompositorSWGL failed mapping default framebuffer, no dt
console.warn: SearchSettings: "get: No settings file exists, new profile?" (new NotFoundError("Could not open the file at /tmp/rust_mozprofileroWu76/search.json.mozlz4", (void 0)))
1638843806235	Marionette	INFO	Listening on port 37339
1638843806250	RemoteAgent	WARN	TLS certificate errors will be ignored for this session
1638843823642	geckodriver	INFO	Listening on 127.0.0.1:43455
1638843823644	mozrunner::runner	INFO	Running command: "/usr/bin/firefox" "--marionette" "--headless" "-no-remote" "-profile" "/tmp/rust_mozprofileRxjvfm"
*** You are running in headless mode.
1638843823803	Marionette	INFO	Marionette enabled
[GFX1-]: RenderCompositorSWGL failed mapping default framebuffer, no dt
console.warn: SearchSettings: "get: No settings file exists, new profile?" (new NotFoundError("Could not open the file at /tmp/rust_mozprofileRxjvfm/search.json.mozlz4", (void 0)))
1638843824330	Marionette	INFO	Listening on port 38119
1638843824353	RemoteAgent	WARN	TLS certificate errors will be ignored for this session
console.log: WebExtensions: reset-default-search: starting.
console.log: WebExtensions: reset-default-search: No addons in our list are installed.
console.log: WebExtensions: reset-default-search: starting.
console.log: WebExtensions: reset-default-search: No addons in our list are installed.
console.log: WebExtensions: reset-default-search: starting.
console.log: WebExtensions: reset-default-search: No addons in our list are installed.
console.log: WebExtensions: reset-default-search: starting.
console.log: WebExtensions: reset-default-search: No addons in our list are installed.
console.log: WebExtensions: reset-default-search: starting.
console.log: WebExtensions: reset-default-search: No addons in our list are installed.
console.log: WebExtensions: reset-default-search: starting.
console.log: WebExtensions: reset-default-search: No addons in our list are installed.
console.log: WebExtensions: reset-default-search: starting.
console.log: WebExtensions: reset-default-search: No addons in our list are installed.
1638844172989	geckodriver	INFO	Listening on 127.0.0.1:53147
1638844172992	mozrunner::runner	INFO	Running command: "/usr/bin/firefox" "--marionette" "--headless" "-no-remote" "-profile" "/tmp/rust_mozprofileMrCxk8"
*** You are running in headless mode.
1638844173158	Marionette	INFO	Marionette enabled
[GFX1-]: RenderCompositorSWGL failed mapping default framebuffer, no dt
console.warn: SearchSettings: "get: No settings file exists, new profile?" (new NotFoundError("Could not open the file at /tmp/rust_mozprofileMrCxk8/search.json.mozlz4", (void 0)))
1638844173687	Marionette	INFO	Listening on port 40949
1638844173704	RemoteAgent	WARN	TLS certificate errors will be ignored for this session
console.log: WebExtensions: reset-default-search: starting.
console.log: WebExtensions: reset-default-search: No addons in our list are installed.
console.log: WebExtensions: reset-default-search: starting.
console.log: WebExtensions: reset-default-search: No addons in our list are installed.
1638844311138	geckodriver	INFO	Listening on 127.0.0.1:59449
1638844311141	mozrunner::runner	INFO	Running command: "/usr/bin/firefox" "--marionette" "--headless" "-no-remote" "-profile" "/tmp/rust_mozprofileRplcVd"
*** You are running in headless mode.
1638844311300	Marionette	INFO	Marionette enabled
[GFX1-]: RenderCompositorSWGL failed mapping default framebuffer, no dt
console.warn: SearchSettings: "get: No settings file exists, new profile?" (new NotFoundError("Could not open the file at /tmp/rust_mozprofileRplcVd/search.json.mozlz4", (void 0)))
1638844311832	Marionette	INFO	Listening on port 42035
1638844311850	RemoteAgent	WARN	TLS certificate errors will be ignored for this session
1638844333154	geckodriver	INFO	Listening on 127.0.0.1:35603
1638844333156	mozrunner::runner	INFO	Running command: "/usr/bin/firefox" "--marionette" "--headless" "-no-remote" "-profile" "/tmp/rust_mozprofileS5liky"
*** You are running in headless mode.
1638844333316	Marionette	INFO	Marionette enabled
[GFX1-]: RenderCompositorSWGL failed mapping default framebuffer, no dt
console.warn: SearchSettings: "get: No settings file exists, new profile?" (new NotFoundError("Could not open the file at /tmp/rust_mozprofileS5liky/search.json.mozlz4", (void 0)))
1638844333844	Marionette	INFO	Listening on port 38907
1638844333866	RemoteAgent	WARN	TLS certificate errors will be ignored for this session
1638844343198	geckodriver	INFO	Listening on 127.0.0.1:54035
1638844343200	mozrunner::runner	INFO	Running command: "/usr/bin/firefox" "--marionette" "--headless" "-no-remote" "-profile" "/tmp/rust_mozprofileJU1C6S"
*** You are running in headless mode.
1638844343355	Marionette	INFO	Marionette enabled
[GFX1-]: RenderCompositorSWGL failed mapping default framebuffer, no dt
console.warn: SearchSettings: "get: No settings file exists, new profile?" (new NotFoundError("Could not open the file at /tmp/rust_mozprofileJU1C6S/search.json.mozlz4", (void 0)))
1638844343891	Marionette	INFO	Listening on port 36393
1638844343912	RemoteAgent	WARN	TLS certificate errors will be ignored for this session
1638844541245	geckodriver	INFO	Listening on 127.0.0.1:50763
1638844541247	mozrunner::runner	INFO	Running command: "/usr/bin/firefox" "--marionette" "--headless" "-no-remote" "-profile" "/tmp/rust_mozprofilel91eRL"
*** You are running in headless mode.
1638844541406	Marionette	INFO	Marionette enabled
[GFX1-]: RenderCompositorSWGL failed mapping default framebuffer, no dt
console.warn: SearchSettings: "get: No settings file exists, new profile?" (new NotFoundError("Could not open the file at /tmp/rust_mozprofilel91eRL/search.json.mozlz4", (void 0)))
1638844541925	Marionette	INFO	Listening on port 43459
1638844541956	RemoteAgent	WARN	TLS certificate errors will be ignored for this session
1638844558364	geckodriver	INFO	Listening on 127.0.0.1:33919
1638844558367	mozrunner::runner	INFO	Running command: "/usr/bin/firefox" "--marionette" "--headless" "-no-remote" "-profile" "/tmp/rust_mozprofilendbfDI"
*** You are running in headless mode.
1638844558522	Marionette	INFO	Marionette enabled
[GFX1-]: RenderCompositorSWGL failed mapping default framebuffer, no dt
console.warn: SearchSettings: "get: No settings file exists, new profile?" (new NotFoundError("Could not open the file at /tmp/rust_mozprofilendbfDI/search.json.mozlz4", (void 0)))
1638844559050	Marionette	INFO	Listening on port 37917
1638844559075	RemoteAgent	WARN	TLS certificate errors will be ignored for this session
console.log: WebExtensions: reset-default-search: starting.
console.log: WebExtensions: reset-default-search: No addons in our list are installed.
1638844639577	geckodriver	INFO	Listening on 127.0.0.1:38053
1638844639580	mozrunner::runner	INFO	Running command: "/usr/bin/firefox" "--marionette" "--headless" "-no-remote" "-profile" "/tmp/rust_mozprofilenfnnXc"
*** You are running in headless mode.
1638844639761	Marionette	INFO	Marionette enabled
[GFX1-]: RenderCompositorSWGL failed mapping default framebuffer, no dt
console.warn: SearchSettings: "get: No settings file exists, new profile?" (new NotFoundError("Could not open the file at /tmp/rust_mozprofilenfnnXc/search.json.mozlz4", (void 0)))
1638844640293	Marionette	INFO	Listening on port 42155
1638844640395	RemoteAgent	WARN	TLS certificate errors will be ignored for this session
console.log: WebExtensions: reset-default-search: starting.
console.log: WebExtensions: reset-default-search: No addons in our list are installed.
console.log: WebExtensions: reset-default-search: starting.
console.log: WebExtensions: reset-default-search: No addons in our list are installed.
console.log: WebExtensions: reset-default-search: starting.
console.log: WebExtensions: reset-default-search: No addons in our list are installed.
1638844789197	geckodriver	INFO	Listening on 127.0.0.1:45165
1638844789200	mozrunner::runner	INFO	Running command: "/usr/bin/firefox" "--marionette" "--headless" "-no-remote" "-profile" "/tmp/rust_mozprofileu0C1GF"
*** You are running in headless mode.
1638844789363	Marionette	INFO	Marionette enabled
[GFX1-]: RenderCompositorSWGL failed mapping default framebuffer, no dt
console.warn: SearchSettings: "get: No settings file exists, new profile?" (new NotFoundError("Could not open the file at /tmp/rust_mozprofileu0C1GF/search.json.mozlz4", (void 0)))
1638844789893	Marionette	INFO	Listening on port 33539
1638844789910	RemoteAgent	WARN	TLS certificate errors will be ignored for this session
1638844841910	geckodriver	INFO	Listening on 127.0.0.1:43989
1638844841912	mozrunner::runner	INFO	Running command: "/usr/bin/firefox" "--marionette" "--headless" "-no-remote" "-profile" "/tmp/rust_mozprofileujmyBG"
*** You are running in headless mode.
1638844842075	Marionette	INFO	Marionette enabled
[GFX1-]: RenderCompositorSWGL failed mapping default framebuffer, no dt
console.warn: SearchSettings: "get: No settings file exists, new profile?" (new NotFoundError("Could not open the file at /tmp/rust_mozprofileujmyBG/search.json.mozlz4", (void 0)))
1638844842664	Marionette	INFO	Listening on port 35915
1638844842725	RemoteAgent	WARN	TLS certificate errors will be ignored for this session
1638844864220	geckodriver	INFO	Listening on 127.0.0.1:35409
1638844864222	mozrunner::runner	INFO	Running command: "/usr/bin/firefox" "--marionette" "--headless" "-no-remote" "-profile" "/tmp/rust_mozprofileIOtvhu"
*** You are running in headless mode.
1638844864382	Marionette	INFO	Marionette enabled
[GFX1-]: RenderCompositorSWGL failed mapping default framebuffer, no dt
console.warn: SearchSettings: "get: No settings file exists, new profile?" (new NotFoundError("Could not open the file at /tmp/rust_mozprofileIOtvhu/search.json.mozlz4", (void 0)))
1638844864917	Marionette	INFO	Listening on port 34335
1638844864933	RemoteAgent	WARN	TLS certificate errors will be ignored for this session
console.log: WebExtensions: reset-default-search: starting.
console.log: WebExtensions: reset-default-search: No addons in our list are installed.
console.log: WebExtensions: reset-default-search: starting.
console.log: WebExtensions: reset-default-search: No addons in our list are installed.
console.log: WebExtensions: reset-default-search: starting.
console.log: WebExtensions: reset-default-search: No addons in our list are installed.
console.log: WebExtensions: reset-default-search: starting.
console.log: WebExtensions: reset-default-search: No addons in our list are installed.
1638845211838	geckodriver	INFO	Listening on 127.0.0.1:40891
1638845212843	mozrunner::runner	INFO	Running command: "/usr/bin/firefox" "--marionette" "--headless" "-no-remote" "-profile" "/tmp/rust_mozprofileinXOl4"
*** You are running in headless mode.
1638845213107	Marionette	INFO	Marionette enabled
[GFX1-]: RenderCompositorSWGL failed mapping default framebuffer, no dt
console.warn: SearchSettings: "get: No settings file exists, new profile?" (new NotFoundError("Could not open the file at /tmp/rust_mozprofileinXOl4/search.json.mozlz4", (void 0)))
1638845213759	Marionette	INFO	Listening on port 39547
1638845213866	RemoteAgent	WARN	TLS certificate errors will be ignored for this session
console.log: WebExtensions: reset-default-search: starting.
console.log: WebExtensions: reset-default-search: No addons in our list are installed.
console.log: WebExtensions: reset-default-search: starting.
console.log: WebExtensions: reset-default-search: No addons in our list are installed.
1638845435296	geckodriver	INFO	Listening on 127.0.0.1:55495
1638845436307	mozrunner::runner	INFO	Running command: "/usr/bin/firefox" "--marionette" "--headless" "-no-remote" "-profile" "/tmp/rust_mozprofile37YHAc"
*** You are running in headless mode.
1638845437522	Marionette	INFO	Marionette enabled
[GFX1-]: RenderCompositorSWGL failed mapping default framebuffer, no dt
console.warn: SearchSettings: "get: No settings file exists, new profile?" (new NotFoundError("Could not open the file at /tmp/rust_mozprofile37YHAc/search.json.mozlz4", (void 0)))
console.error: Region.jsm: "Error fetching region" (new Error("TIMEOUT", "resource://gre/modules/Region.jsm", 772))
console.error: Region.jsm: "Failed to fetch region" (new Error("TIMEOUT", "resource://gre/modules/Region.jsm", 419))
1638845687801	geckodriver	INFO	Listening on 127.0.0.1:33061
1638845688818	mozrunner::runner	INFO	Running command: "/usr/bin/firefox" "--marionette" "--headless" "-no-remote" "-profile" "/tmp/rust_mozprofileS8T8Yz"
*** You are running in headless mode.
1638845688986	Marionette	INFO	Marionette enabled
[GFX1-]: RenderCompositorSWGL failed mapping default framebuffer, no dt
console.warn: SearchSettings: "get: No settings file exists, new profile?" (new NotFoundError("Could not open the file at /tmp/rust_mozprofileS8T8Yz/search.json.mozlz4", (void 0)))
1638845689562	Marionette	INFO	Listening on port 36531
1638845689635	RemoteAgent	WARN	TLS certificate errors will be ignored for this session
Exiting due to channel error.
Exiting due to channel error.
Exiting due to channel error.
1638846141286	geckodriver	INFO	Listening on 127.0.0.1:45353
1638846141289	mozrunner::runner	INFO	Running command: "/usr/bin/firefox" "--marionette" "--headless" "-no-remote" "-profile" "/tmp/rust_mozprofile1cN7cv"
*** You are running in headless mode.
1638846141442	Marionette	INFO	Marionette enabled
[GFX1-]: RenderCompositorSWGL failed mapping default framebuffer, no dt
console.warn: SearchSettings: "get: No settings file exists, new profile?" (new NotFoundError("Could not open the file at /tmp/rust_mozprofile1cN7cv/search.json.mozlz4", (void 0)))
1638846141954	Marionette	INFO	Listening on port 35481
1638846141997	RemoteAgent	WARN	TLS certificate errors will be ignored for this session
JavaScript error: resource://devtools-client-jsonview/lib/require.js, line 170: Error: Script error for: devtools/client/shared/components/tree/ObjectProvider
http://requirejs.org/docs/errors.html#scripterror
JavaScript error: resource://devtools-client-jsonview/lib/require.js, line 170: Error: Script error for: devtools/client/shared/components/tree/TreeRow
http://requirejs.org/docs/errors.html#scripterror
JavaScript error: resource://devtools-client-jsonview/lib/require.js, line 170: Error: Script error for: devtools/client/shared/vendor/react-dom-factories
http://requirejs.org/docs/errors.html#scripterror
JavaScript error: resource://devtools-client-jsonview/lib/require.js, line 170: Error: Script error for: devtools/client/shared/components/tree/TreeHeader
http://requirejs.org/docs/errors.html#scripterror
JavaScript error: resource://devtools-client-jsonview/lib/require.js, line 170: Error: Script error for: devtools/client/shared/scroll
http://requirejs.org/docs/errors.html#scripterror
JavaScript error: resource://devtools-client-jsonview/lib/require.js, line 170: Error: Script error for: devtools/client/jsonview/components/JsonToolbar
http://requirejs.org/docs/errors.html#scripterror
JavaScript error: resource://devtools-client-jsonview/lib/require.js, line 170: Error: Script error for: devtools/client/shared/components/reps/reps/constants
http://requirejs.org/docs/errors.html#scripterror
JavaScript error: resource://devtools-client-jsonview/lib/require.js, line 170: Error: Script error for: devtools/client/jsonview/components/TextToolbar
http://requirejs.org/docs/errors.html#scripterror
JavaScript error: resource://devtools-client-jsonview/lib/require.js, line 170: Error: Script error for: devtools/client/jsonview/components/LiveText
http://requirejs.org/docs/errors.html#scripterror
JavaScript error: resource://devtools-client-jsonview/lib/require.js, line 170: Error: Script error for: devtools/client/shared/components/reps/reps/rep
http://requirejs.org/docs/errors.html#scripterror
JavaScript error: resource://devtools-client-jsonview/lib/require.js, line 170: Error: Script error for: devtools/client/jsonview/components/Headers
http://requirejs.org/docs/errors.html#scripterror
JavaScript error: resource://devtools-client-jsonview/lib/require.js, line 170: Error: Script error for: devtools/client/jsonview/components/HeadersToolbar
http://requirejs.org/docs/errors.html#scripterror
JavaScript error: resource://devtools-client-jsonview/lib/require.js, line 170: Error: Script error for: json-viewer
http://requirejs.org/docs/errors.html#scripterror
JavaScript error: resource://devtools-client-jsonview/lib/require.js, line 170: Error: Script error for: devtools/client/shared/vendor/react-dom
http://requirejs.org/docs/errors.html#scripterror
JavaScript error: resource://devtools-client-jsonview/lib/require.js, line 170: Error: Script error for: devtools/client/shared/react-utils
http://requirejs.org/docs/errors.html#scripterror
JavaScript error: resource://devtools-client-jsonview/lib/require.js, line 170: Error: Script error for: devtools/client/jsonview/components/MainTabbedArea
http://requirejs.org/docs/errors.html#scripterror
JavaScript error: resource://devtools-client-jsonview/lib/require.js, line 170: Error: Script error for: devtools/client/shared/components/tree/TreeView
http://requirejs.org/docs/errors.html#scripterror
JavaScript error: resource://devtools-client-jsonview/lib/require.js, line 170: Error: Script error for: devtools/client/shared/vendor/react-dom
http://requirejs.org/docs/errors.html#scripterror
JavaScript error: resource://devtools-client-jsonview/lib/require.js, line 170: Error: Script error for: devtools/client/shared/react-utils
http://requirejs.org/docs/errors.html#scripterror
JavaScript error: resource://devtools-client-jsonview/lib/require.js, line 170: Error: Script error for: devtools/client/jsonview/components/MainTabbedArea
http://requirejs.org/docs/errors.html#scripterror
JavaScript error: resource://devtools-client-jsonview/lib/require.js, line 170: Error: Script error for: devtools/client/shared/components/tree/TreeView
http://requirejs.org/docs/errors.html#scripterror
JavaScript error: resource://devtools-client-jsonview/lib/require.js, line 170: Error: Script error for: devtools/client/shared/vendor/react
http://requirejs.org/docs/errors.html#scripterror
JavaScript error: resource://devtools-client-jsonview/lib/require.js, line 170: Error: Script error for: devtools/client/shared/vendor/react-prop-types
http://requirejs.org/docs/errors.html#scripterror
JavaScript error: resource://devtools-client-jsonview/lib/require.js, line 170: Error: Script error for: devtools/client/jsonview/components/JsonPanel
http://requirejs.org/docs/errors.html#scripterror
JavaScript error: resource://devtools-client-jsonview/lib/require.js, line 170: Error: Script error for: devtools/client/jsonview/components/TextPanel
http://requirejs.org/docs/errors.html#scripterror
JavaScript error: resource://devtools-client-jsonview/lib/require.js, line 170: Error: Script error for: devtools/client/jsonview/components/HeadersPanel
http://requirejs.org/docs/errors.html#scripterror
JavaScript error: resource://devtools-client-jsonview/lib/require.js, line 170: Error: Script error for: devtools/client/shared/components/tabs/Tabs
http://requirejs.org/docs/errors.html#scripterror
JavaScript error: resource://devtools-client-jsonview/lib/require.js, line 170: Error: Script error for: devtools/client/shared/vendor/react
http://requirejs.org/docs/errors.html#scripterror
JavaScript error: resource://devtools-client-jsonview/lib/require.js, line 170: Error: Script error for: devtools/client/shared/vendor/react-prop-types
http://requirejs.org/docs/errors.html#scripterror
JavaScript error: resource://devtools-client-jsonview/lib/require.js, line 170: Error: Script error for: devtools/client/jsonview/components/JsonPanel
http://requirejs.org/docs/errors.html#scripterror
JavaScript error: resource://devtools-client-jsonview/lib/require.js, line 170: Error: Script error for: devtools/client/jsonview/components/TextPanel
http://requirejs.org/docs/errors.html#scripterror
JavaScript error: resource://devtools-client-jsonview/lib/require.js, line 170: Error: Script error for: devtools/client/jsonview/components/HeadersPanel
http://requirejs.org/docs/errors.html#scripterror
JavaScript error: resource://devtools-client-jsonview/lib/require.js, line 170: Error: Script error for: devtools/client/shared/components/tabs/Tabs
http://requirejs.org/docs/errors.html#scripterror
JavaScript error: resource://devtools-client-jsonview/lib/require.js, line 170: Error: Script error for: json-viewer
http://requirejs.org/docs/errors.html#scripterror
JavaScript error: resource://devtools-client-jsonview/lib/require.js, line 170: Error: Script error for: devtools/client/jsonview/components/JsonPanel
http://requirejs.org/docs/errors.html#scripterror
JavaScript error: resource://devtools-client-jsonview/lib/require.js, line 170: Error: Script error for: devtools/client/shared/vendor/react
http://requirejs.org/docs/errors.html#scripterror
JavaScript error: resource://devtools-client-jsonview/lib/require.js, line 170: Error: Script error for: devtools/client/shared/vendor/react-prop-types
http://requirejs.org/docs/errors.html#scripterror
JavaScript error: resource://devtools-client-jsonview/lib/require.js, line 170: Error: Script error for: devtools/client/jsonview/components/TextPanel
http://requirejs.org/docs/errors.html#scripterror
JavaScript error: resource://devtools-client-jsonview/lib/require.js, line 170: Error: Script error for: devtools/client/jsonview/components/HeadersPanel
http://requirejs.org/docs/errors.html#scripterror
JavaScript error: resource://devtools-client-jsonview/lib/require.js, line 170: Error: Script error for: devtools/client/shared/components/tabs/Tabs
http://requirejs.org/docs/errors.html#scripterror
JavaScript error: resource://devtools-client-jsonview/lib/require.js, line 170: Error: Script error for: devtools/client/shared/vendor/react-dom-factories
http://requirejs.org/docs/errors.html#scripterror
JavaScript error: resource://devtools-client-jsonview/lib/require.js, line 170: Error: Script error for: devtools/client/shared/components/tree/ObjectProvider
http://requirejs.org/docs/errors.html#scripterror
JavaScript error: resource://devtools-client-jsonview/lib/require.js, line 170: Error: Script error for: devtools/client/shared/components/tree/TreeRow
http://requirejs.org/docs/errors.html#scripterror
JavaScript error: resource://devtools-client-jsonview/lib/require.js, line 170: Error: Script error for: devtools/client/shared/components/tree/TreeHeader
http://requirejs.org/docs/errors.html#scripterror
JavaScript error: resource://devtools-client-jsonview/lib/require.js, line 170: Error: Script error for: devtools/client/shared/scroll
http://requirejs.org/docs/errors.html#scripterror
JavaScript error: resource://devtools-client-jsonview/lib/require.js, line 170: Error: Script error for: devtools/client/jsonview/components/Headers
http://requirejs.org/docs/errors.html#scripterror
JavaScript error: resource://devtools-client-jsonview/lib/require.js, line 170: Error: Script error for: devtools/client/jsonview/components/HeadersToolbar
http://requirejs.org/docs/errors.html#scripterror
JavaScript error: resource://devtools-client-jsonview/lib/require.js, line 170: Error: Script error for: devtools/client/jsonview/components/TextToolbar
http://requirejs.org/docs/errors.html#scripterror
JavaScript error: resource://devtools-client-jsonview/lib/require.js, line 170: Error: Script error for: devtools/client/jsonview/components/LiveText
http://requirejs.org/docs/errors.html#scripterror
JavaScript error: resource://devtools-client-jsonview/lib/require.js, line 170: Error: Script error for: devtools/client/jsonview/components/JsonToolbar
http://requirejs.org/docs/errors.html#scripterror
JavaScript error: resource://devtools-client-jsonview/lib/require.js, line 170: Error: Script error for: devtools/client/shared/components/reps/reps/constants
http://requirejs.org/docs/errors.html#scripterror
JavaScript error: resource://devtools-client-jsonview/lib/require.js, line 170: Error: Script error for: devtools/client/shared/components/reps/reps/rep
http://requirejs.org/docs/errors.html#scripterror
JavaScript error: resource://devtools-client-jsonview/lib/require.js, line 170: Error: Script error for: devtools/client/shared/vendor/react-dom
http://requirejs.org/docs/errors.html#scripterror
JavaScript error: resource://devtools-client-jsonview/lib/require.js, line 170: Error: Script error for: devtools/client/shared/react-utils
http://requirejs.org/docs/errors.html#scripterror
JavaScript error: resource://devtools-client-jsonview/lib/require.js, line 170: Error: Script error for: devtools/client/jsonview/components/MainTabbedArea
http://requirejs.org/docs/errors.html#scripterror
JavaScript error: resource://devtools-client-jsonview/lib/require.js, line 170: Error: Script error for: devtools/client/shared/components/tree/TreeView
http://requirejs.org/docs/errors.html#scripterror
JavaScript error: resource://devtools-client-jsonview/lib/require.js, line 170: Error: Script error for: devtools/client/shared/vendor/react-dom
http://requirejs.org/docs/errors.html#scripterror
JavaScript error: resource://devtools-client-jsonview/lib/require.js, line 170: Error: Script error for: devtools/client/shared/react-utils
http://requirejs.org/docs/errors.html#scripterror
JavaScript error: resource://devtools-client-jsonview/lib/require.js, line 170: Error: Script error for: devtools/client/jsonview/components/MainTabbedArea
http://requirejs.org/docs/errors.html#scripterror
JavaScript error: resource://devtools-client-jsonview/lib/require.js, line 170: Error: Script error for: devtools/client/shared/components/tree/TreeView
http://requirejs.org/docs/errors.html#scripterror
Exiting due to channel error.
Exiting due to channel error.
Exiting due to channel error.
1638846177001	geckodriver	INFO	Listening on 127.0.0.1:44789
1638846177003	mozrunner::runner	INFO	Running command: "/usr/bin/firefox" "--marionette" "--headless" "-no-remote" "-profile" "/tmp/rust_mozprofiledcwX51"
*** You are running in headless mode.
1638846177157	Marionette	INFO	Marionette enabled
[GFX1-]: RenderCompositorSWGL failed mapping default framebuffer, no dt
console.warn: SearchSettings: "get: No settings file exists, new profile?" (new NotFoundError("Could not open the file at /tmp/rust_mozprofiledcwX51/search.json.mozlz4", (void 0)))
1638846177685	Marionette	INFO	Listening on port 43569
1638846177711	RemoteAgent	WARN	TLS certificate errors will be ignored for this session
JavaScript error: resource://devtools-client-jsonview/lib/require.js, line 170: Error: Script error for: devtools/client/shared/components/reps/reps/rep-utils
http://requirejs.org/docs/errors.html#scripterror
JavaScript error: resource://devtools-client-jsonview/lib/require.js, line 170: Error: Script error for: devtools/client/shared/components/reps/shared/dom-node-constants
http://requirejs.org/docs/errors.html#scripterror
JavaScript error: resource://devtools-client-jsonview/lib/require.js, line 170: Error: Script error for: devtools/client/shared/components/reps/reps/prop-rep
http://requirejs.org/docs/errors.html#scripterror
JavaScript error: resource://devtools-client-jsonview/lib/require.js, line 170: Error: Script error for: devtools/client/shared/vendor/react
http://requirejs.org/docs/errors.html#scripterror
JavaScript error: resource://devtools-client-jsonview/lib/require.js, line 170: Error: Script error for: devtools/client/shared/vendor/react-prop-types
http://requirejs.org/docs/errors.html#scripterror
JavaScript error: resource://devtools-client-jsonview/lib/require.js, line 170: Error: Script error for: devtools/client/jsonview/components/JsonPanel
http://requirejs.org/docs/errors.html#scripterror
JavaScript error: resource://devtools-client-jsonview/lib/require.js, line 170: Error: Script error for: devtools/client/jsonview/components/TextPanel
http://requirejs.org/docs/errors.html#scripterror
JavaScript error: resource://devtools-client-jsonview/lib/require.js, line 170: Error: Script error for: devtools/client/jsonview/components/HeadersPanel
http://requirejs.org/docs/errors.html#scripterror
JavaScript error: resource://devtools-client-jsonview/lib/require.js, line 170: Error: Script error for: devtools/client/shared/components/tabs/Tabs
http://requirejs.org/docs/errors.html#scripterror
JavaScript error: resource://devtools-client-jsonview/lib/require.js, line 170: Error: Script error for: devtools/client/shared/vendor/react
http://requirejs.org/docs/errors.html#scripterror
JavaScript error: resource://devtools-client-jsonview/lib/require.js, line 170: Error: Script error for: devtools/client/shared/vendor/react-prop-types
http://requirejs.org/docs/errors.html#scripterror
JavaScript error: resource://devtools-client-jsonview/lib/require.js, line 170: Error: Script error for: devtools/client/jsonview/components/JsonPanel
http://requirejs.org/docs/errors.html#scripterror
JavaScript error: resource://devtools-client-jsonview/lib/require.js, line 170: Error: Script error for: devtools/client/jsonview/components/TextPanel
http://requirejs.org/docs/errors.html#scripterror
JavaScript error: resource://devtools-client-jsonview/lib/require.js, line 170: Error: Script error for: devtools/client/jsonview/components/HeadersPanel
http://requirejs.org/docs/errors.html#scripterror
JavaScript error: resource://devtools-client-jsonview/lib/require.js, line 170: Error: Script error for: devtools/client/shared/components/tabs/Tabs
http://requirejs.org/docs/errors.html#scripterror
JavaScript error: resource://devtools-client-jsonview/lib/require.js, line 170: Error: Script error for: devtools/client/shared/vendor/react
http://requirejs.org/docs/errors.html#scripterror
JavaScript error: resource://devtools-client-jsonview/lib/require.js, line 170: Error: Script error for: devtools/client/shared/vendor/react-prop-types
http://requirejs.org/docs/errors.html#scripterror
JavaScript error: resource://devtools-client-jsonview/lib/require.js, line 170: Error: Script error for: devtools/client/jsonview/components/JsonPanel
http://requirejs.org/docs/errors.html#scripterror
JavaScript error: resource://devtools-client-jsonview/lib/require.js, line 170: Error: Script error for: devtools/client/jsonview/components/TextPanel
http://requirejs.org/docs/errors.html#scripterror
JavaScript error: resource://devtools-client-jsonview/lib/require.js, line 170: Error: Script error for: devtools/client/jsonview/components/HeadersPanel
http://requirejs.org/docs/errors.html#scripterror
JavaScript error: resource://devtools-client-jsonview/lib/require.js, line 170: Error: Script error for: devtools/client/shared/components/tabs/Tabs
http://requirejs.org/docs/errors.html#scripterror
JavaScript error: resource://devtools-client-jsonview/lib/require.js, line 170: Error: Script error for: json-viewer
http://requirejs.org/docs/errors.html#scripterror
JavaScript error: resource://devtools-client-jsonview/lib/require.js, line 170: Error: Script error for: devtools/client/shared/vendor/react-dom
http://requirejs.org/docs/errors.html#scripterror
JavaScript error: resource://devtools-client-jsonview/lib/require.js, line 170: Error: Script error for: devtools/client/shared/react-utils
http://requirejs.org/docs/errors.html#scripterror
JavaScript error: resource://devtools-client-jsonview/lib/require.js, line 170: Error: Script error for: devtools/client/jsonview/components/MainTabbedArea
http://requirejs.org/docs/errors.html#scripterror
JavaScript error: resource://devtools-client-jsonview/lib/require.js, line 170: Error: Script error for: devtools/client/shared/components/tree/TreeView
http://requirejs.org/docs/errors.html#scripterror
JavaScript error: resource://devtools-client-jsonview/lib/require.js, line 170: Error: Script error for: json-viewer
http://requirejs.org/docs/errors.html#scripterror
JavaScript error: resource://devtools-client-jsonview/lib/require.js, line 170: Error: Script error for: devtools/client/shared/vendor/react-dom-factories
http://requirejs.org/docs/errors.html#scripterror
JavaScript error: resource://devtools-client-jsonview/lib/require.js, line 170: Error: Script error for: devtools/client/jsonview/components/JsonToolbar
http://requirejs.org/docs/errors.html#scripterror
JavaScript error: resource://devtools-client-jsonview/lib/require.js, line 170: Error: Script error for: devtools/client/shared/components/reps/reps/constants
http://requirejs.org/docs/errors.html#scripterror
JavaScript error: resource://devtools-client-jsonview/lib/require.js, line 170: Error: Script error for: devtools/client/shared/components/reps/reps/rep
http://requirejs.org/docs/errors.html#scripterror
JavaScript error: resource://devtools-client-jsonview/lib/require.js, line 170: Error: Script error for: devtools/client/jsonview/components/TextToolbar
http://requirejs.org/docs/errors.html#scripterror
JavaScript error: resource://devtools-client-jsonview/lib/require.js, line 170: Error: Script error for: devtools/client/jsonview/components/LiveText
http://requirejs.org/docs/errors.html#scripterror
JavaScript error: resource://devtools-client-jsonview/lib/require.js, line 170: Error: Script error for: devtools/client/jsonview/components/Headers
http://requirejs.org/docs/errors.html#scripterror
JavaScript error: resource://devtools-client-jsonview/lib/require.js, line 170: Error: Script error for: devtools/client/jsonview/components/HeadersToolbar
http://requirejs.org/docs/errors.html#scripterror
JavaScript error: resource://devtools-client-jsonview/lib/require.js, line 170: Error: Script error for: devtools/client/shared/components/tree/ObjectProvider
http://requirejs.org/docs/errors.html#scripterror
JavaScript error: resource://devtools-client-jsonview/lib/require.js, line 170: Error: Script error for: devtools/client/shared/components/tree/TreeRow
http://requirejs.org/docs/errors.html#scripterror
JavaScript error: resource://devtools-client-jsonview/lib/require.js, line 170: Error: Script error for: devtools/client/shared/components/tree/TreeHeader
http://requirejs.org/docs/errors.html#scripterror
JavaScript error: resource://devtools-client-jsonview/lib/require.js, line 170: Error: Script error for: devtools/client/shared/scroll
http://requirejs.org/docs/errors.html#scripterror
JavaScript error: resource://devtools-client-jsonview/lib/require.js, line 170: Error: Script error for: devtools/client/shared/vendor/react
http://requirejs.org/docs/errors.html#scripterror
JavaScript error: resource://devtools-client-jsonview/lib/require.js, line 170: Error: Script error for: devtools/client/shared/vendor/react-prop-types
http://requirejs.org/docs/errors.html#scripterror
JavaScript error: resource://devtools-client-jsonview/lib/require.js, line 170: Error: Script error for: devtools/client/jsonview/components/JsonPanel
http://requirejs.org/docs/errors.html#scripterror
JavaScript error: resource://devtools-client-jsonview/lib/require.js, line 170: Error: Script error for: devtools/client/jsonview/components/TextPanel
http://requirejs.org/docs/errors.html#scripterror
JavaScript error: resource://devtools-client-jsonview/lib/require.js, line 170: Error: Script error for: devtools/client/jsonview/components/HeadersPanel
http://requirejs.org/docs/errors.html#scripterror
JavaScript error: resource://devtools-client-jsonview/lib/require.js, line 170: Error: Script error for: devtools/client/shared/components/tabs/Tabs
http://requirejs.org/docs/errors.html#scripterror
JavaScript error: resource://devtools-client-jsonview/lib/require.js, line 170: Error: Script error for: devtools/client/shared/vendor/react
http://requirejs.org/docs/errors.html#scripterror
JavaScript error: resource://devtools-client-jsonview/lib/require.js, line 170: Error: Script error for: devtools/client/shared/vendor/react-prop-types
http://requirejs.org/docs/errors.html#scripterror
JavaScript error: resource://devtools-client-jsonview/lib/require.js, line 170: Error: Script error for: devtools/client/jsonview/components/JsonPanel
http://requirejs.org/docs/errors.html#scripterror
JavaScript error: resource://devtools-client-jsonview/lib/require.js, line 170: Error: Script error for: devtools/client/jsonview/components/TextPanel
http://requirejs.org/docs/errors.html#scripterror
JavaScript error: resource://devtools-client-jsonview/lib/require.js, line 170: Error: Script error for: devtools/client/jsonview/components/HeadersPanel
http://requirejs.org/docs/errors.html#scripterror
JavaScript error: resource://devtools-client-jsonview/lib/require.js, line 170: Error: Script error for: devtools/client/shared/components/tabs/Tabs
http://requirejs.org/docs/errors.html#scripterror
JavaScript error: resource://devtools-client-jsonview/lib/require.js, line 170: Error: Script error for: devtools/client/shared/vendor/react-dom
http://requirejs.org/docs/errors.html#scripterror
JavaScript error: resource://devtools-client-jsonview/lib/require.js, line 170: Error: Script error for: devtools/client/shared/react-utils
http://requirejs.org/docs/errors.html#scripterror
JavaScript error: resource://devtools-client-jsonview/lib/require.js, line 170: Error: Script error for: devtools/client/jsonview/components/MainTabbedArea
http://requirejs.org/docs/errors.html#scripterror
JavaScript error: resource://devtools-client-jsonview/lib/require.js, line 170: Error: Script error for: devtools/client/shared/components/tree/TreeView
http://requirejs.org/docs/errors.html#scripterror
Exiting due to channel error.
Exiting due to channel error.
Exiting due to channel error.
1638846261376	geckodriver	INFO	Listening on 127.0.0.1:58117
1638846261378	mozrunner::runner	INFO	Running command: "/usr/bin/firefox" "--marionette" "--headless" "-no-remote" "-profile" "/tmp/rust_mozprofileMQINGt"
*** You are running in headless mode.
1638846261535	Marionette	INFO	Marionette enabled
[GFX1-]: RenderCompositorSWGL failed mapping default framebuffer, no dt
console.warn: SearchSettings: "get: No settings file exists, new profile?" (new NotFoundError("Could not open the file at /tmp/rust_mozprofileMQINGt/search.json.mozlz4", (void 0)))
1638846262065	Marionette	INFO	Listening on port 38503
1638846262087	RemoteAgent	WARN	TLS certificate errors will be ignored for this session
Exiting due to channel error.
Exiting due to channel error.
Exiting due to channel error.
1638846372783	geckodriver	INFO	Listening on 127.0.0.1:58665
1638846372785	mozrunner::runner	INFO	Running command: "/usr/bin/firefox" "--marionette" "--headless" "-no-remote" "-profile" "/tmp/rust_mozprofileFqQhqH"
*** You are running in headless mode.
1638846372941	Marionette	INFO	Marionette enabled
[GFX1-]: RenderCompositorSWGL failed mapping default framebuffer, no dt
console.warn: SearchSettings: "get: No settings file exists, new profile?" (new NotFoundError("Could not open the file at /tmp/rust_mozprofileFqQhqH/search.json.mozlz4", (void 0)))
1638846373473	Marionette	INFO	Listening on port 45661
1638846373494	RemoteAgent	WARN	TLS certificate errors will be ignored for this session
Exiting due to channel error.
Exiting due to channel error.
Exiting due to channel error.
1638846606259	geckodriver	INFO	Listening on 127.0.0.1:41643
1638846606262	mozrunner::runner	INFO	Running command: "/usr/bin/firefox" "--marionette" "--headless" "-no-remote" "-profile" "/tmp/rust_mozprofilennMuEe"
*** You are running in headless mode.
1638846606416	Marionette	INFO	Marionette enabled
[GFX1-]: RenderCompositorSWGL failed mapping default framebuffer, no dt
console.warn: SearchSettings: "get: No settings file exists, new profile?" (new NotFoundError("Could not open the file at /tmp/rust_mozprofilennMuEe/search.json.mozlz4", (void 0)))
1638846606944	Marionette	INFO	Listening on port 36855
1638846606970	RemoteAgent	WARN	TLS certificate errors will be ignored for this session
Exiting due to channel error.
Exiting due to channel error.
Exiting due to channel error.
1638846701006	geckodriver	INFO	Listening on 127.0.0.1:36963
1638846701009	mozrunner::runner	INFO	Running command: "/usr/bin/firefox" "--marionette" "--headless" "-no-remote" "-profile" "/tmp/rust_mozprofileyNfPaU"
*** You are running in headless mode.
1638846701166	Marionette	INFO	Marionette enabled
[GFX1-]: RenderCompositorSWGL failed mapping default framebuffer, no dt
console.warn: SearchSettings: "get: No settings file exists, new profile?" (new NotFoundError("Could not open the file at /tmp/rust_mozprofileyNfPaU/search.json.mozlz4", (void 0)))
1638846701696	Marionette	INFO	Listening on port 33601
1638846701718	RemoteAgent	WARN	TLS certificate errors will be ignored for this session
1638846757868	geckodriver	INFO	Listening on 127.0.0.1:56269
1638846757870	mozrunner::runner	INFO	Running command: "/usr/bin/firefox" "--marionette" "--headless" "-no-remote" "-profile" "/tmp/rust_mozprofilesjRwKj"
*** You are running in headless mode.
1638846758022	Marionette	INFO	Marionette enabled
[GFX1-]: RenderCompositorSWGL failed mapping default framebuffer, no dt
console.warn: SearchSettings: "get: No settings file exists, new profile?" (new NotFoundError("Could not open the file at /tmp/rust_mozprofilesjRwKj/search.json.mozlz4", (void 0)))
1638846758548	Marionette	INFO	Listening on port 40301
1638846758579	RemoteAgent	WARN	TLS certificate errors will be ignored for this session
1638847001424	geckodriver	INFO	Listening on 127.0.0.1:35397
1638847001426	mozrunner::runner	INFO	Running command: "/usr/bin/firefox" "--marionette" "--headless" "-no-remote" "-profile" "/tmp/rust_mozprofileo6bhmT"
*** You are running in headless mode.
1638847001583	Marionette	INFO	Marionette enabled
[GFX1-]: RenderCompositorSWGL failed mapping default framebuffer, no dt
console.warn: SearchSettings: "get: No settings file exists, new profile?" (new NotFoundError("Could not open the file at /tmp/rust_mozprofileo6bhmT/search.json.mozlz4", (void 0)))
1638847002110	Marionette	INFO	Listening on port 45817
1638847002135	RemoteAgent	WARN	TLS certificate errors will be ignored for this session
console.log: WebExtensions: reset-default-search: starting.
console.log: WebExtensions: reset-default-search: No addons in our list are installed.
Exiting due to channel error.
Exiting due to channel error.
Exiting due to channel error.
console.log: WebExtensions: reset-default-search: starting.
console.log: WebExtensions: reset-default-search: No addons in our list are installed.
1638847326739	geckodriver	INFO	Listening on 127.0.0.1:46011
1638847326741	mozrunner::runner	INFO	Running command: "/usr/bin/firefox" "--marionette" "--headless" "-no-remote" "-profile" "/tmp/rust_mozprofileDleSHD"
*** You are running in headless mode.
1638847326898	Marionette	INFO	Marionette enabled
[GFX1-]: RenderCompositorSWGL failed mapping default framebuffer, no dt
console.warn: SearchSettings: "get: No settings file exists, new profile?" (new NotFoundError("Could not open the file at /tmp/rust_mozprofileDleSHD/search.json.mozlz4", (void 0)))
1638847327427	Marionette	INFO	Listening on port 43841
1638847327451	RemoteAgent	WARN	TLS certificate errors will be ignored for this session
Exiting due to channel error.
Exiting due to channel error.
Exiting due to channel error.
1638847546824	geckodriver	INFO	Listening on 127.0.0.1:41725
1638847546826	mozrunner::runner	INFO	Running command: "/usr/bin/firefox" "--marionette" "--headless" "-no-remote" "-profile" "/tmp/rust_mozprofileDaHI6h"
*** You are running in headless mode.
1638847546980	Marionette	INFO	Marionette enabled
[GFX1-]: RenderCompositorSWGL failed mapping default framebuffer, no dt
console.warn: SearchSettings: "get: No settings file exists, new profile?" (new NotFoundError("Could not open the file at /tmp/rust_mozprofileDaHI6h/search.json.mozlz4", (void 0)))
1638847547508	Marionette	INFO	Listening on port 41431
1638847547536	RemoteAgent	WARN	TLS certificate errors will be ignored for this session
Exiting due to channel error.
Exiting due to channel error.
Exiting due to channel error.
1638847630662	geckodriver	INFO	Listening on 127.0.0.1:51369
1638847630665	mozrunner::runner	INFO	Running command: "/usr/bin/firefox" "--marionette" "--headless" "-no-remote" "-profile" "/tmp/rust_mozprofile2SeKWp"
*** You are running in headless mode.
1638847630822	Marionette	INFO	Marionette enabled
[GFX1-]: RenderCompositorSWGL failed mapping default framebuffer, no dt
console.warn: SearchSettings: "get: No settings file exists, new profile?" (new NotFoundError("Could not open the file at /tmp/rust_mozprofile2SeKWp/search.json.mozlz4", (void 0)))
1638847631339	Marionette	INFO	Listening on port 37407
1638847631374	RemoteAgent	WARN	TLS certificate errors will be ignored for this session
Exiting due to channel error.
Exiting due to channel error.
Exiting due to channel error.
1638847970127	geckodriver	INFO	Listening on 127.0.0.1:33781
1638847970129	mozrunner::runner	INFO	Running command: "/usr/bin/firefox" "--marionette" "--headless" "-no-remote" "-profile" "/tmp/rust_mozprofileaDoy21"
*** You are running in headless mode.
1638847970285	Marionette	INFO	Marionette enabled
[GFX1-]: RenderCompositorSWGL failed mapping default framebuffer, no dt
console.warn: SearchSettings: "get: No settings file exists, new profile?" (new NotFoundError("Could not open the file at /tmp/rust_mozprofileaDoy21/search.json.mozlz4", (void 0)))
1638847970797	Marionette	INFO	Listening on port 42253
1638847970838	RemoteAgent	WARN	TLS certificate errors will be ignored for this session
Exiting due to channel error.
Exiting due to channel error.
Exiting due to channel error.
1638848776599	geckodriver	INFO	Listening on 127.0.0.1:34335
1638848776602	mozrunner::runner	INFO	Running command: "/usr/bin/firefox" "--marionette" "--headless" "-no-remote" "-profile" "/tmp/rust_mozprofilebWNmvR"
*** You are running in headless mode.
1638848776757	Marionette	INFO	Marionette enabled
[GFX1-]: RenderCompositorSWGL failed mapping default framebuffer, no dt
console.warn: SearchSettings: "get: No settings file exists, new profile?" (new NotFoundError("Could not open the file at /tmp/rust_mozprofilebWNmvR/search.json.mozlz4", (void 0)))
1638848777287	Marionette	INFO	Listening on port 42885
1638848777310	RemoteAgent	WARN	TLS certificate errors will be ignored for this session
console.log: WebExtensions: reset-default-search: starting.
console.log: WebExtensions: reset-default-search: No addons in our list are installed.
Exiting due to channel error.
Exiting due to channel error.
Exiting due to channel error.
1638849465922	geckodriver	INFO	Listening on 127.0.0.1:33533
1638849465925	mozrunner::runner	INFO	Running command: "/usr/bin/firefox" "--marionette" "--headless" "-no-remote" "-profile" "/tmp/rust_mozprofile9udwqC"
*** You are running in headless mode.
1638849466082	Marionette	INFO	Marionette enabled
[GFX1-]: RenderCompositorSWGL failed mapping default framebuffer, no dt
console.warn: SearchSettings: "get: No settings file exists, new profile?" (new NotFoundError("Could not open the file at /tmp/rust_mozprofile9udwqC/search.json.mozlz4", (void 0)))
1638849466610	Marionette	INFO	Listening on port 40681
1638849466636	RemoteAgent	WARN	TLS certificate errors will be ignored for this session
Exiting due to channel error.
Exiting due to channel error.
Exiting due to channel error.
